<?xml version="1.0" encoding="UTF-8"?>
<!-- Generated by org.testng.reporters.JUnitReportReporter -->
<testsuite skipped="0" hostname="U6075153-TPL-A" name="discoverDollors.Contact" tests="1" failures="0" timestamp="2020-07-12T17:11:27 IST" time="1.017" errors="0">
  <testcase name="contact" time="1.017" classname="discoverDollors.Contact"/>
  <system-out>
Contact Page got displayed  </system-out>
</testsuite> <!-- discoverDollors.Contact -->
