<?xml version="1.0" encoding="UTF-8"?>
<!-- Generated by org.testng.reporters.JUnitReportReporter -->
<testsuite skipped="0" hostname="U6075153-TPL-A" name="discoverDollors.Team" tests="1" failures="0" timestamp="2020-07-22T13:43:47 IST" time="0.115" errors="0">
  <testcase name="team" time="0.115" classname="discoverDollors.Team"/>
  <system-out>
team page got displayed  </system-out>
</testsuite> <!-- discoverDollors.Team -->
