<?xml version="1.0" encoding="UTF-8"?>
<!-- Generated by org.testng.reporters.JUnitReportReporter -->
<testsuite skipped="0" hostname="U6075153-TPL-A" name="discoverDollors.Homescript" tests="1" failures="0" timestamp="2020-07-12T17:11:27 IST" time="0.521" errors="0">
  <testcase name="home" time="0.521" classname="discoverDollors.Homescript"/>
  <system-out>
solution page got displayed  </system-out>
</testsuite> <!-- discoverDollors.Homescript -->
