<?xml version="1.0" encoding="UTF-8"?>
<!-- Generated by org.testng.reporters.JUnitReportReporter -->
<testsuite skipped="0" hostname="U6075153-TPL-A" name="discoverDollors.CareerOption" tests="1" failures="0" timestamp="2020-07-12T17:11:27 IST" time="1.403" errors="0">
  <testcase name="career" time="1.403" classname="discoverDollors.CareerOption"/>
  <system-out>
career page got displayed  </system-out>
</testsuite> <!-- discoverDollors.CareerOption -->
