<?xml version="1.0" encoding="UTF-8"?>
<!-- Generated by org.testng.reporters.JUnitReportReporter -->
<testsuite skipped="0" hostname="U6075153-TPL-A" name="shinepackage.Demo" tests="1" failures="0" timestamp="2020-07-10T12:55:30 IST" time="0.018" errors="0">
  <testcase name="run" time="0.018" classname="shinepackage.Demo"/>
  <system-out>
yes running yes running  </system-out>
</testsuite> <!-- shinepackage.Demo -->
