<?xml version="1.0" encoding="UTF-8"?>
<!-- Generated by org.testng.reporters.JUnitReportReporter -->
<testsuite skipped="0" hostname="U6075153-TPL-A" name="shinepackage.helloworld" tests="1" failures="0" timestamp="2020-07-10T12:55:30 IST" time="0.002" errors="0">
  <testcase name="world" time="0.002" classname="shinepackage.helloworld"/>
  <system-out>
helllo u there helllo u there  </system-out>
</testsuite> <!-- shinepackage.helloworld -->
