<?xml version="1.0" encoding="UTF-8"?>
<!-- Generated by org.testng.reporters.JUnitReportReporter -->
<testsuite skipped="0" hostname="U6075153-TPL-A" name="Demo" tests="1" failures="0" timestamp="2020-06-30T09:00:31 IST" time="0.012" errors="0">
  <testcase name="run" time="0.012" classname="Demo"/>
  <system-out>
yes running  </system-out>
</testsuite> <!-- Demo -->
